Copyright 1986-2022 Xilinx, Inc. All Rights Reserved. Copyright 2022-2024 Advanced Micro Devices, Inc. All Rights Reserved.
-----------------------------------------------------------------------------------------------------------------------------------------------------------------------------------
| Tool Version : Vivado v.2024.2 (win64) Build 5239630 Fri Nov 08 22:35:27 MST 2024
| Date         : Wed Jun 17 16:47:42 2026
| Host         : Gioeles_TUF running 64-bit major release  (build 9200)
| Command      : report_methodology -file oled_controller_methodology_drc_routed.rpt -pb oled_controller_methodology_drc_routed.pb -rpx oled_controller_methodology_drc_routed.rpx
| Design       : oled_controller
| Device       : xc7z020clg484-1
| Speed File   : -1
| Design State : Fully Routed
-----------------------------------------------------------------------------------------------------------------------------------------------------------------------------------

Report Methodology

Table of Contents
-----------------
1. REPORT SUMMARY
2. REPORT DETAILS

1. REPORT SUMMARY
-----------------
            Netlist: netlist
          Floorplan: design_1
      Design limits: <entire design considered>
             Max checks: <unlimited>
             Checks found: 8
+-----------+----------+--------------------------------------------+--------+
| Rule      | Severity | Description                                | Checks |
+-----------+----------+--------------------------------------------+--------+
| SYNTH-6   | Warning  | Timing of a RAM block might be sub-optimal | 1      |
| TIMING-18 | Warning  | Missing input or output delay              | 7      |
+-----------+----------+--------------------------------------------+--------+

2. REPORT DETAILS
-----------------
SYNTH-6#1 Warning
Timing of a RAM block might be sub-optimal  
The timing for the instance Example_Inst/char_lib_comp/dout_reg, implemented as a RAM block, might be sub-optimal as no output register was merged into the block.
Related violations: <none>

TIMING-18#1 Warning
Missing input or output delay  
An input delay is missing on rst relative to the rising and/or falling clock edge(s) of CLK.
Related violations: <none>

TIMING-18#2 Warning
Missing input or output delay  
An output delay is missing on oled_dc relative to the rising and/or falling clock edge(s) of CLK.
Related violations: <none>

TIMING-18#3 Warning
Missing input or output delay  
An output delay is missing on oled_res relative to the rising and/or falling clock edge(s) of CLK.
Related violations: <none>

TIMING-18#4 Warning
Missing input or output delay  
An output delay is missing on oled_sclk relative to the rising and/or falling clock edge(s) of CLK.
Related violations: <none>

TIMING-18#5 Warning
Missing input or output delay  
An output delay is missing on oled_sdin relative to the rising and/or falling clock edge(s) of CLK.
Related violations: <none>

TIMING-18#6 Warning
Missing input or output delay  
An output delay is missing on oled_vbat relative to the rising and/or falling clock edge(s) of CLK.
Related violations: <none>

TIMING-18#7 Warning
Missing input or output delay  
An output delay is missing on oled_vdd relative to the rising and/or falling clock edge(s) of CLK.
Related violations: <none>


