
*** Running vivado
    with args -log oled_controller.vdi -applog -m64 -product Vivado -messageDb vivado.pb -mode batch -source oled_controller.tcl -notrace



****** Vivado v2024.2 (64-bit)
  **** SW Build 5239630 on Fri Nov 08 22:35:27 MST 2024
  **** IP Build 5239520 on Sun Nov 10 16:12:51 MST 2024
  **** SharedData Build 5239561 on Fri Nov 08 14:39:27 MST 2024
  **** Start of session at: Wed Jun 17 16:46:53 2026
    ** Copyright 1986-2022 Xilinx, Inc. All Rights Reserved.
    ** Copyright 2022-2024 Advanced Micro Devices, Inc. All Rights Reserved.

source oled_controller.tcl -notrace
Command: link_design -top oled_controller -part xc7z020clg484-1
Design is defaulting to srcset: sources_1
Design is defaulting to constrset: constrs_1
INFO: [Device 21-403] Loading part xc7z020clg484-1
Netlist sorting complete. Time (s): cpu = 00:00:00 ; elapsed = 00:00:00.002 . Memory (MB): peak = 618.629 ; gain = 0.000
INFO: [Netlist 29-17] Analyzing 31 Unisim elements for replacement
INFO: [Netlist 29-28] Unisim Transformation completed in 0 CPU seconds
INFO: [Project 1-479] Netlist was created with Vivado 2024.2
INFO: [Project 1-570] Preparing netlist for logic optimization
Parsing XDC File [C:/Users/gioel/Documents/unitn/2_anno_2_semestre/advanced_logic_design_passerone/RISCV_on_Zedboard/OLED_driver/OLED_driver.srcs/constrs_1/new/oled_buttons_mapping.xdc]
WARNING: [Vivado 12-584] No ports matched 'btn_down'. [C:/Users/gioel/Documents/unitn/2_anno_2_semestre/advanced_logic_design_passerone/RISCV_on_Zedboard/OLED_driver/OLED_driver.srcs/constrs_1/new/oled_buttons_mapping.xdc:25]
CRITICAL WARNING: [Common 17-55] 'set_property' expects at least one object. [C:/Users/gioel/Documents/unitn/2_anno_2_semestre/advanced_logic_design_passerone/RISCV_on_Zedboard/OLED_driver/OLED_driver.srcs/constrs_1/new/oled_buttons_mapping.xdc:25]
Resolution: If [get_<value>] was used to populate the object, check to make sure this command returns at least one valid object.
WARNING: [Vivado 12-584] No ports matched 'btn_left'. [C:/Users/gioel/Documents/unitn/2_anno_2_semestre/advanced_logic_design_passerone/RISCV_on_Zedboard/OLED_driver/OLED_driver.srcs/constrs_1/new/oled_buttons_mapping.xdc:26]
CRITICAL WARNING: [Common 17-55] 'set_property' expects at least one object. [C:/Users/gioel/Documents/unitn/2_anno_2_semestre/advanced_logic_design_passerone/RISCV_on_Zedboard/OLED_driver/OLED_driver.srcs/constrs_1/new/oled_buttons_mapping.xdc:26]
Resolution: If [get_<value>] was used to populate the object, check to make sure this command returns at least one valid object.
WARNING: [Vivado 12-584] No ports matched 'btn_right'. [C:/Users/gioel/Documents/unitn/2_anno_2_semestre/advanced_logic_design_passerone/RISCV_on_Zedboard/OLED_driver/OLED_driver.srcs/constrs_1/new/oled_buttons_mapping.xdc:27]
CRITICAL WARNING: [Common 17-55] 'set_property' expects at least one object. [C:/Users/gioel/Documents/unitn/2_anno_2_semestre/advanced_logic_design_passerone/RISCV_on_Zedboard/OLED_driver/OLED_driver.srcs/constrs_1/new/oled_buttons_mapping.xdc:27]
Resolution: If [get_<value>] was used to populate the object, check to make sure this command returns at least one valid object.
WARNING: [Vivado 12-584] No ports matched 'btn_up'. [C:/Users/gioel/Documents/unitn/2_anno_2_semestre/advanced_logic_design_passerone/RISCV_on_Zedboard/OLED_driver/OLED_driver.srcs/constrs_1/new/oled_buttons_mapping.xdc:28]
CRITICAL WARNING: [Common 17-55] 'set_property' expects at least one object. [C:/Users/gioel/Documents/unitn/2_anno_2_semestre/advanced_logic_design_passerone/RISCV_on_Zedboard/OLED_driver/OLED_driver.srcs/constrs_1/new/oled_buttons_mapping.xdc:28]
Resolution: If [get_<value>] was used to populate the object, check to make sure this command returns at least one valid object.
WARNING: [Vivado 12-584] No ports matched '[get_ports -of_objects [get_iobanks 34]]'. [C:/Users/gioel/Documents/unitn/2_anno_2_semestre/advanced_logic_design_passerone/RISCV_on_Zedboard/OLED_driver/OLED_driver.srcs/constrs_1/new/oled_buttons_mapping.xdc:34]
CRITICAL WARNING: [Common 17-55] 'set_property' expects at least one object. [C:/Users/gioel/Documents/unitn/2_anno_2_semestre/advanced_logic_design_passerone/RISCV_on_Zedboard/OLED_driver/OLED_driver.srcs/constrs_1/new/oled_buttons_mapping.xdc:34]
Resolution: If [get_<value>] was used to populate the object, check to make sure this command returns at least one valid object.
Finished Parsing XDC File [C:/Users/gioel/Documents/unitn/2_anno_2_semestre/advanced_logic_design_passerone/RISCV_on_Zedboard/OLED_driver/OLED_driver.srcs/constrs_1/new/oled_buttons_mapping.xdc]
INFO: [Opt 31-138] Pushed 0 inverter(s) to 0 load pin(s).
Netlist sorting complete. Time (s): cpu = 00:00:00 ; elapsed = 00:00:00 . Memory (MB): peak = 757.930 ; gain = 0.000
INFO: [Project 1-111] Unisim Transformation Summary:
No Unisim elements were transformed.

7 Infos, 5 Warnings, 5 Critical Warnings and 0 Errors encountered.
link_design completed successfully
Command: opt_design
Attempting to get a license for feature 'Implementation' and/or device 'xc7z020'
INFO: [Common 17-349] Got license for feature 'Implementation' and/or device 'xc7z020'
Running DRC as a precondition to command opt_design

Starting DRC Task
INFO: [DRC 23-27] Running DRC with 2 threads
INFO: [Project 1-461] DRC finished with 0 Errors
INFO: [Project 1-462] Please refer to the DRC report (report_drc) for more information.

Time (s): cpu = 00:00:01 ; elapsed = 00:00:00.878 . Memory (MB): peak = 794.266 ; gain = 32.340

Starting Cache Timing Information Task
INFO: [Timing 38-35] Done setting XDC timing constraints.
Ending Cache Timing Information Task | Checksum: 1ae364ad5

Time (s): cpu = 00:00:05 ; elapsed = 00:00:05 . Memory (MB): peak = 1329.484 ; gain = 535.219

Starting Logic Optimization Task

Phase 1 Initialization

Phase 1.1 Core Generation And Design Setup
Phase 1.1 Core Generation And Design Setup | Checksum: 1ae364ad5

Time (s): cpu = 00:00:00 ; elapsed = 00:00:00.001 . Memory (MB): peak = 1732.734 ; gain = 0.000

Phase 1.2 Setup Constraints And Sort Netlist
Phase 1.2 Setup Constraints And Sort Netlist | Checksum: 1ae364ad5

Time (s): cpu = 00:00:00 ; elapsed = 00:00:00.003 . Memory (MB): peak = 1732.734 ; gain = 0.000
Phase 1 Initialization | Checksum: 1ae364ad5

Time (s): cpu = 00:00:00 ; elapsed = 00:00:00.004 . Memory (MB): peak = 1732.734 ; gain = 0.000

Phase 2 Timer Update And Timing Data Collection

Phase 2.1 Timer Update
Phase 2.1 Timer Update | Checksum: 1ae364ad5

Time (s): cpu = 00:00:00 ; elapsed = 00:00:00.012 . Memory (MB): peak = 1732.734 ; gain = 0.000

Phase 2.2 Timing Data Collection
Phase 2.2 Timing Data Collection | Checksum: 1ae364ad5

Time (s): cpu = 00:00:00 ; elapsed = 00:00:00.024 . Memory (MB): peak = 1732.734 ; gain = 0.000
Phase 2 Timer Update And Timing Data Collection | Checksum: 1ae364ad5

Time (s): cpu = 00:00:00 ; elapsed = 00:00:00.024 . Memory (MB): peak = 1732.734 ; gain = 0.000

Phase 3 Retarget
INFO: [Opt 31-1851] Number of loadless carry chains removed were: 0
INFO: [Opt 31-1834] Total Chains To Be Transformed Were: 0 AND Number of Transformed insts Created are: 0
INFO: [Opt 31-138] Pushed 0 inverter(s) to 0 load pin(s).
INFO: [Opt 31-49] Retargeted 0 cell(s).
Phase 3 Retarget | Checksum: 1ae364ad5

Time (s): cpu = 00:00:00 ; elapsed = 00:00:00.036 . Memory (MB): peak = 1732.734 ; gain = 0.000
Retarget | Checksum: 1ae364ad5
INFO: [Opt 31-389] Phase Retarget created 0 cells and removed 0 cells

Phase 4 Constant propagation
INFO: [Opt 31-138] Pushed 0 inverter(s) to 0 load pin(s).
Phase 4 Constant propagation | Checksum: 1ae364ad5

Time (s): cpu = 00:00:00 ; elapsed = 00:00:00.039 . Memory (MB): peak = 1732.734 ; gain = 0.000
Constant propagation | Checksum: 1ae364ad5
INFO: [Opt 31-389] Phase Constant propagation created 0 cells and removed 0 cells

Phase 5 Sweep
INFO: [Constraints 18-11670] Building netlist checker database with flags, 0x8
Done building netlist checker database: Time (s): cpu = 00:00:00 ; elapsed = 00:00:00 . Memory (MB): peak = 1732.734 ; gain = 0.000
Phase 5 Sweep | Checksum: 19d656979

Time (s): cpu = 00:00:00 ; elapsed = 00:00:00.044 . Memory (MB): peak = 1732.734 ; gain = 0.000
Sweep | Checksum: 19d656979
INFO: [Opt 31-389] Phase Sweep created 0 cells and removed 0 cells

Phase 6 BUFG optimization
Phase 6 BUFG optimization | Checksum: 19d656979

Time (s): cpu = 00:00:00 ; elapsed = 00:00:00.078 . Memory (MB): peak = 1732.734 ; gain = 0.000
BUFG optimization | Checksum: 19d656979
INFO: [Opt 31-662] Phase BUFG optimization created 0 cells of which 0 are BUFGs and removed 0 cells.

Phase 7 Shift Register Optimization
INFO: [Opt 31-1064] SRL Remap converted 0 SRLs to 0 registers and converted 0 registers of register chains to 0 SRLs
Phase 7 Shift Register Optimization | Checksum: 19d656979

Time (s): cpu = 00:00:00 ; elapsed = 00:00:00.080 . Memory (MB): peak = 1732.734 ; gain = 0.000
Shift Register Optimization | Checksum: 19d656979
INFO: [Opt 31-389] Phase Shift Register Optimization created 0 cells and removed 0 cells

Phase 8 Post Processing Netlist
Phase 8 Post Processing Netlist | Checksum: 19d656979

Time (s): cpu = 00:00:00 ; elapsed = 00:00:00.082 . Memory (MB): peak = 1732.734 ; gain = 0.000
Post Processing Netlist | Checksum: 19d656979
INFO: [Opt 31-389] Phase Post Processing Netlist created 0 cells and removed 0 cells

Phase 9 Finalization

Phase 9.1 Finalizing Design Cores and Updating Shapes
Phase 9.1 Finalizing Design Cores and Updating Shapes | Checksum: 19a71b79c

Time (s): cpu = 00:00:00 ; elapsed = 00:00:00.088 . Memory (MB): peak = 1732.734 ; gain = 0.000

Phase 9.2 Verifying Netlist Connectivity

Starting Connectivity Check Task

Time (s): cpu = 00:00:00 ; elapsed = 00:00:00.007 . Memory (MB): peak = 1732.734 ; gain = 0.000
Phase 9.2 Verifying Netlist Connectivity | Checksum: 19a71b79c

Time (s): cpu = 00:00:00 ; elapsed = 00:00:00.095 . Memory (MB): peak = 1732.734 ; gain = 0.000
Phase 9 Finalization | Checksum: 19a71b79c

Time (s): cpu = 00:00:00 ; elapsed = 00:00:00.095 . Memory (MB): peak = 1732.734 ; gain = 0.000
Opt_design Change Summary
=========================


-------------------------------------------------------------------------------------------------------------------------
|  Phase                        |  #Cells created  |  #Cells Removed  |  #Constrained objects preventing optimizations  |
-------------------------------------------------------------------------------------------------------------------------
|  Retarget                     |               0  |               0  |                                              0  |
|  Constant propagation         |               0  |               0  |                                              0  |
|  Sweep                        |               0  |               0  |                                              0  |
|  BUFG optimization            |               0  |               0  |                                              0  |
|  Shift Register Optimization  |               0  |               0  |                                              0  |
|  Post Processing Netlist      |               0  |               0  |                                              0  |
-------------------------------------------------------------------------------------------------------------------------


Ending Logic Optimization Task | Checksum: 19a71b79c

Time (s): cpu = 00:00:00 ; elapsed = 00:00:00.097 . Memory (MB): peak = 1732.734 ; gain = 0.000

Starting Power Optimization Task
INFO: [Pwropt 34-132] Skipping clock gating for clocks with a period < 2.00 ns.
INFO: [Pwropt 34-9] Applying IDT optimizations ...
INFO: [Pwropt 34-10] Applying ODC optimizations ...
INFO: [Timing 38-35] Done setting XDC timing constraints.
Running Vector-less Activity Propagation...

Finished Running Vector-less Activity Propagation


Starting PowerOpt Patch Enables Task
INFO: [Pwropt 34-162] WRITE_MODE attribute of 0 BRAM(s) out of a total of 1 has been updated to save power. Run report_power_opt to get a complete listing of the BRAMs updated.
INFO: [Pwropt 34-201] Structural ODC has moved 0 WE to EN ports
Number of BRAM Ports augmented: 0 newly gated: 0 Total Ports: 2
Ending PowerOpt Patch Enables Task | Checksum: 19a71b79c

Time (s): cpu = 00:00:00 ; elapsed = 00:00:00.006 . Memory (MB): peak = 1797.766 ; gain = 0.000
Ending Power Optimization Task | Checksum: 19a71b79c

Time (s): cpu = 00:00:01 ; elapsed = 00:00:00.455 . Memory (MB): peak = 1797.766 ; gain = 65.031

Starting Final Cleanup Task
Ending Final Cleanup Task | Checksum: 19a71b79c

Time (s): cpu = 00:00:00 ; elapsed = 00:00:00.001 . Memory (MB): peak = 1797.766 ; gain = 0.000

Starting Netlist Obfuscation Task
Netlist sorting complete. Time (s): cpu = 00:00:00 ; elapsed = 00:00:00 . Memory (MB): peak = 1797.766 ; gain = 0.000
Ending Netlist Obfuscation Task | Checksum: 19a71b79c

Time (s): cpu = 00:00:00 ; elapsed = 00:00:00 . Memory (MB): peak = 1797.766 ; gain = 0.000
INFO: [Common 17-83] Releasing license: Implementation
32 Infos, 5 Warnings, 5 Critical Warnings and 0 Errors encountered.
opt_design completed successfully
opt_design: Time (s): cpu = 00:00:09 ; elapsed = 00:00:09 . Memory (MB): peak = 1797.766 ; gain = 1035.840
INFO: [Vivado 12-24828] Executing command : report_drc -file oled_controller_drc_opted.rpt -pb oled_controller_drc_opted.pb -rpx oled_controller_drc_opted.rpx
Command: report_drc -file oled_controller_drc_opted.rpt -pb oled_controller_drc_opted.pb -rpx oled_controller_drc_opted.rpx
INFO: [IP_Flow 19-234] Refreshing IP repositories
INFO: [IP_Flow 19-1704] No user IP repositories specified
INFO: [IP_Flow 19-2313] Loaded Vivado IP repository 'C:/Xilinx/Vivado/2024.2/data/ip'.
INFO: [DRC 23-27] Running DRC with 2 threads
INFO: [Vivado_Tcl 2-168] The results of DRC are in file C:/Users/gioel/Documents/unitn/2_anno_2_semestre/advanced_logic_design_passerone/RISCV_on_Zedboard/OLED_driver/OLED_driver.runs/impl_1/oled_controller_drc_opted.rpt.
report_drc completed successfully
INFO: [Timing 38-480] Writing timing data to binary archive.
Write ShapeDB Complete: Time (s): cpu = 00:00:00 ; elapsed = 00:00:00.002 . Memory (MB): peak = 1797.766 ; gain = 0.000
Wrote PlaceDB: Time (s): cpu = 00:00:00 ; elapsed = 00:00:00.001 . Memory (MB): peak = 1797.766 ; gain = 0.000
Wrote PulsedLatchDB: Time (s): cpu = 00:00:00 ; elapsed = 00:00:00 . Memory (MB): peak = 1797.766 ; gain = 0.000
Writing XDEF routing.
Writing XDEF routing logical nets.
Writing XDEF routing special nets.
Wrote RouteStorage: Time (s): cpu = 00:00:00 ; elapsed = 00:00:00.023 . Memory (MB): peak = 1797.766 ; gain = 0.000
Wrote Netlist Cache: Time (s): cpu = 00:00:00 ; elapsed = 00:00:00 . Memory (MB): peak = 1797.766 ; gain = 0.000
Wrote Device Cache: Time (s): cpu = 00:00:00 ; elapsed = 00:00:00.008 . Memory (MB): peak = 1797.766 ; gain = 0.000
Write Physdb Complete: Time (s): cpu = 00:00:00 ; elapsed = 00:00:00.039 . Memory (MB): peak = 1797.766 ; gain = 0.000
INFO: [Common 17-1381] The checkpoint 'C:/Users/gioel/Documents/unitn/2_anno_2_semestre/advanced_logic_design_passerone/RISCV_on_Zedboard/OLED_driver/OLED_driver.runs/impl_1/oled_controller_opt.dcp' has been generated.
Command: place_design
Attempting to get a license for feature 'Implementation' and/or device 'xc7z020'
INFO: [Common 17-349] Got license for feature 'Implementation' and/or device 'xc7z020'
INFO: [Common 17-83] Releasing license: Implementation
INFO: [DRC 23-27] Running DRC with 2 threads
INFO: [Vivado_Tcl 4-198] DRC finished with 0 Errors
INFO: [Vivado_Tcl 4-199] Please refer to the DRC report (report_drc) for more information.
Running DRC as a precondition to command place_design
INFO: [DRC 23-27] Running DRC with 2 threads
INFO: [Vivado_Tcl 4-198] DRC finished with 0 Errors
INFO: [Vivado_Tcl 4-199] Please refer to the DRC report (report_drc) for more information.
INFO: [Place 30-611] Multithreading enabled for place_design using a maximum of 2 CPUs

Starting Placer Task

Phase 1 Placer Initialization

Phase 1.1 Placer Initialization Netlist Sorting
Netlist sorting complete. Time (s): cpu = 00:00:00 ; elapsed = 00:00:00 . Memory (MB): peak = 1797.766 ; gain = 0.000
Phase 1.1 Placer Initialization Netlist Sorting | Checksum: 186713dd3

Time (s): cpu = 00:00:00 ; elapsed = 00:00:00.003 . Memory (MB): peak = 1797.766 ; gain = 0.000
Netlist sorting complete. Time (s): cpu = 00:00:00 ; elapsed = 00:00:00 . Memory (MB): peak = 1797.766 ; gain = 0.000

Phase 1.2 IO Placement/ Clock Placement/ Build Placer Device
INFO: [Timing 38-35] Done setting XDC timing constraints.
Phase 1.2 IO Placement/ Clock Placement/ Build Placer Device | Checksum: 131bfda13

Time (s): cpu = 00:00:00 ; elapsed = 00:00:00.220 . Memory (MB): peak = 1797.766 ; gain = 0.000

Phase 1.3 Build Placer Netlist Model
Phase 1.3 Build Placer Netlist Model | Checksum: 13784c5ba

Time (s): cpu = 00:00:00 ; elapsed = 00:00:00.375 . Memory (MB): peak = 1797.766 ; gain = 0.000

Phase 1.4 Constrain Clocks/Macros
Phase 1.4 Constrain Clocks/Macros | Checksum: 13784c5ba

Time (s): cpu = 00:00:00 ; elapsed = 00:00:00.379 . Memory (MB): peak = 1797.766 ; gain = 0.000
Phase 1 Placer Initialization | Checksum: 13784c5ba

Time (s): cpu = 00:00:00 ; elapsed = 00:00:00.389 . Memory (MB): peak = 1797.766 ; gain = 0.000

Phase 2 Global Placement

Phase 2.1 Floorplanning
Phase 2.1 Floorplanning | Checksum: 1ca3d7873

Time (s): cpu = 00:00:00 ; elapsed = 00:00:00.474 . Memory (MB): peak = 1797.766 ; gain = 0.000

Phase 2.2 Update Timing before SLR Path Opt
Phase 2.2 Update Timing before SLR Path Opt | Checksum: 1c43f7b89

Time (s): cpu = 00:00:00 ; elapsed = 00:00:00.539 . Memory (MB): peak = 1797.766 ; gain = 0.000

Phase 2.3 Post-Processing in Floorplanning
Phase 2.3 Post-Processing in Floorplanning | Checksum: 1c43f7b89

Time (s): cpu = 00:00:00 ; elapsed = 00:00:00.545 . Memory (MB): peak = 1797.766 ; gain = 0.000

Phase 2.4 Global Place Phase1
Phase 2.4 Global Place Phase1 | Checksum: 133264d41

Time (s): cpu = 00:00:02 ; elapsed = 00:00:02 . Memory (MB): peak = 1797.766 ; gain = 0.000

Phase 2.5 Global Place Phase2

Phase 2.5.1 UpdateTiming Before Physical Synthesis
Phase 2.5.1 UpdateTiming Before Physical Synthesis | Checksum: 133264d41

Time (s): cpu = 00:00:02 ; elapsed = 00:00:02 . Memory (MB): peak = 1797.766 ; gain = 0.000

Phase 2.5.2 Physical Synthesis In Placer
INFO: [Physopt 32-1035] Found 0 LUTNM shape to break, 16 LUT instances to create LUTNM shape
INFO: [Physopt 32-1044] Break lutnm for timing: one critical 0, two critical 0, total 0, new lutff created 0
INFO: [Physopt 32-1138] End 1 Pass. Optimized 7 nets or LUTs. Breaked 0 LUT, combined 7 existing LUTs and moved 0 existing LUT
INFO: [Physopt 32-65] No nets found for high-fanout optimization.
INFO: [Physopt 32-232] Optimized 0 net. Created 0 new instance.
INFO: [Physopt 32-775] End 1 Pass. Optimized 0 net or cell. Created 0 new cell, deleted 0 existing cell and moved 0 existing cell
INFO: [Physopt 32-670] No setup violation found.  DSP Register Optimization was not performed.
INFO: [Physopt 32-670] No setup violation found.  Shift Register to Pipeline Optimization was not performed.
INFO: [Physopt 32-670] No setup violation found.  Shift Register Optimization was not performed.
INFO: [Physopt 32-670] No setup violation found.  BRAM Register Optimization was not performed.
INFO: [Physopt 32-670] No setup violation found.  URAM Register Optimization was not performed.
INFO: [Physopt 32-949] No candidate nets found for dynamic/static region interface net replication
INFO: [Physopt 32-775] End 1 Pass. Optimized 0 net or cell. Created 0 new cell, deleted 0 existing cell and moved 0 existing cell
Netlist sorting complete. Time (s): cpu = 00:00:00 ; elapsed = 00:00:00 . Memory (MB): peak = 1797.766 ; gain = 0.000

Summary of Physical Synthesis Optimizations
============================================


-----------------------------------------------------------------------------------------------------------------------------------------------------------
|  Optimization                                     |  Added Cells  |  Removed Cells  |  Optimized Cells/Nets  |  Dont Touch  |  Iterations  |  Elapsed   |
-----------------------------------------------------------------------------------------------------------------------------------------------------------
|  LUT Combining                                    |            0  |              7  |                     7  |           0  |           1  |  00:00:00  |
|  Retime                                           |            0  |              0  |                     0  |           0  |           1  |  00:00:00  |
|  Very High Fanout                                 |            0  |              0  |                     0  |           0  |           1  |  00:00:00  |
|  DSP Register                                     |            0  |              0  |                     0  |           0  |           0  |  00:00:00  |
|  Shift Register to Pipeline                       |            0  |              0  |                     0  |           0  |           0  |  00:00:00  |
|  Shift Register                                   |            0  |              0  |                     0  |           0  |           0  |  00:00:00  |
|  BRAM Register                                    |            0  |              0  |                     0  |           0  |           0  |  00:00:00  |
|  URAM Register                                    |            0  |              0  |                     0  |           0  |           0  |  00:00:00  |
|  Dynamic/Static Region Interface Net Replication  |            0  |              0  |                     0  |           0  |           1  |  00:00:00  |
|  Total                                            |            0  |              7  |                     7  |           0  |           4  |  00:00:00  |
-----------------------------------------------------------------------------------------------------------------------------------------------------------


Phase 2.5.2 Physical Synthesis In Placer | Checksum: 1578be223

Time (s): cpu = 00:00:02 ; elapsed = 00:00:02 . Memory (MB): peak = 1797.766 ; gain = 0.000
Phase 2.5 Global Place Phase2 | Checksum: 1e07fed97

Time (s): cpu = 00:00:02 ; elapsed = 00:00:02 . Memory (MB): peak = 1797.766 ; gain = 0.000
Phase 2 Global Placement | Checksum: 1e07fed97

Time (s): cpu = 00:00:02 ; elapsed = 00:00:02 . Memory (MB): peak = 1797.766 ; gain = 0.000

Phase 3 Detail Placement

Phase 3.1 Commit Multi Column Macros
Phase 3.1 Commit Multi Column Macros | Checksum: 144b647d0

Time (s): cpu = 00:00:02 ; elapsed = 00:00:02 . Memory (MB): peak = 1797.766 ; gain = 0.000

Phase 3.2 Commit Most Macros & LUTRAMs
Phase 3.2 Commit Most Macros & LUTRAMs | Checksum: 156a1744c

Time (s): cpu = 00:00:02 ; elapsed = 00:00:02 . Memory (MB): peak = 1797.766 ; gain = 0.000

Phase 3.3 Area Swap Optimization
Phase 3.3 Area Swap Optimization | Checksum: 135aeb890

Time (s): cpu = 00:00:02 ; elapsed = 00:00:02 . Memory (MB): peak = 1797.766 ; gain = 0.000

Phase 3.4 Pipeline Register Optimization
Phase 3.4 Pipeline Register Optimization | Checksum: 1637e569d

Time (s): cpu = 00:00:02 ; elapsed = 00:00:02 . Memory (MB): peak = 1797.766 ; gain = 0.000

Phase 3.5 Small Shape Detail Placement
Phase 3.5 Small Shape Detail Placement | Checksum: 16d72fd15

Time (s): cpu = 00:00:02 ; elapsed = 00:00:02 . Memory (MB): peak = 1797.766 ; gain = 0.000

Phase 3.6 Re-assign LUT pins
Phase 3.6 Re-assign LUT pins | Checksum: 1aa4115fc

Time (s): cpu = 00:00:03 ; elapsed = 00:00:02 . Memory (MB): peak = 1797.766 ; gain = 0.000

Phase 3.7 Pipeline Register Optimization
Phase 3.7 Pipeline Register Optimization | Checksum: 1788eb789

Time (s): cpu = 00:00:03 ; elapsed = 00:00:02 . Memory (MB): peak = 1797.766 ; gain = 0.000
Phase 3 Detail Placement | Checksum: 1788eb789

Time (s): cpu = 00:00:03 ; elapsed = 00:00:02 . Memory (MB): peak = 1797.766 ; gain = 0.000

Phase 4 Post Placement Optimization and Clean-Up

Phase 4.1 Post Commit Optimization
INFO: [Timing 38-35] Done setting XDC timing constraints.

Phase 4.1.1 Post Placement Optimization
Post Placement Optimization Initialization | Checksum: 157c01e7f

Phase 4.1.1.1 BUFG Insertion

Starting Physical Synthesis Task

Phase 1 Physical Synthesis Initialization
INFO: [Physopt 32-721] Multithreading enabled for phys_opt_design using a maximum of 2 CPUs
INFO: [Physopt 32-619] Estimated Timing Summary | WNS=5.816 | TNS=0.000 |
Phase 1 Physical Synthesis Initialization | Checksum: a3bc73a9

Time (s): cpu = 00:00:00 ; elapsed = 00:00:00.016 . Memory (MB): peak = 1797.766 ; gain = 0.000
INFO: [Place 46-56] BUFG insertion identified 0 candidate nets. Inserted BUFG: 0, Replicated BUFG Driver: 0, Skipped due to Placement/Routing Conflicts: 0, Skipped due to Timing Degradation: 0, Skipped due to netlist editing failed: 0.
Ending Physical Synthesis Task | Checksum: f175fb69

Time (s): cpu = 00:00:00 ; elapsed = 00:00:00.019 . Memory (MB): peak = 1797.766 ; gain = 0.000
Phase 4.1.1.1 BUFG Insertion | Checksum: 157c01e7f

Time (s): cpu = 00:00:03 ; elapsed = 00:00:03 . Memory (MB): peak = 1797.766 ; gain = 0.000

Phase 4.1.1.2 Post Placement Timing Optimization
INFO: [Place 30-746] Post Placement Timing Summary WNS=5.816. For the most accurate timing information please run report_timing.
Phase 4.1.1.2 Post Placement Timing Optimization | Checksum: 1615eef4d

Time (s): cpu = 00:00:03 ; elapsed = 00:00:03 . Memory (MB): peak = 1797.766 ; gain = 0.000

Time (s): cpu = 00:00:03 ; elapsed = 00:00:03 . Memory (MB): peak = 1797.766 ; gain = 0.000
Phase 4.1 Post Commit Optimization | Checksum: 1615eef4d

Time (s): cpu = 00:00:03 ; elapsed = 00:00:03 . Memory (MB): peak = 1797.766 ; gain = 0.000

Phase 4.2 Post Placement Cleanup
Phase 4.2 Post Placement Cleanup | Checksum: 1615eef4d

Time (s): cpu = 00:00:03 ; elapsed = 00:00:03 . Memory (MB): peak = 1797.766 ; gain = 0.000

Phase 4.3 Placer Reporting

Phase 4.3.1 Print Estimated Congestion
INFO: [Place 30-612] Post-Placement Estimated Congestion 
 ____________________________________________________
|           | Global Congestion | Short Congestion  |
| Direction | Region Size       | Region Size       |
|___________|___________________|___________________|
|      North|                1x1|                1x1|
|___________|___________________|___________________|
|      South|                1x1|                1x1|
|___________|___________________|___________________|
|       East|                1x1|                1x1|
|___________|___________________|___________________|
|       West|                1x1|                1x1|
|___________|___________________|___________________|

Phase 4.3.1 Print Estimated Congestion | Checksum: 1615eef4d

Time (s): cpu = 00:00:03 ; elapsed = 00:00:03 . Memory (MB): peak = 1797.766 ; gain = 0.000
Phase 4.3 Placer Reporting | Checksum: 1615eef4d

Time (s): cpu = 00:00:03 ; elapsed = 00:00:03 . Memory (MB): peak = 1797.766 ; gain = 0.000

Phase 4.4 Final Placement Cleanup
Netlist sorting complete. Time (s): cpu = 00:00:00 ; elapsed = 00:00:00 . Memory (MB): peak = 1797.766 ; gain = 0.000

Time (s): cpu = 00:00:03 ; elapsed = 00:00:03 . Memory (MB): peak = 1797.766 ; gain = 0.000
Phase 4 Post Placement Optimization and Clean-Up | Checksum: 1b2ba2274

Time (s): cpu = 00:00:03 ; elapsed = 00:00:03 . Memory (MB): peak = 1797.766 ; gain = 0.000
Ending Placer Task | Checksum: 12ed0b4c7

Time (s): cpu = 00:00:03 ; elapsed = 00:00:03 . Memory (MB): peak = 1797.766 ; gain = 0.000
69 Infos, 5 Warnings, 5 Critical Warnings and 0 Errors encountered.
place_design completed successfully
INFO: [Vivado 12-24838] Running report commands "report_control_sets, report_io, report_utilization" in parallel.
Running report generation with 2 threads.
INFO: [Vivado 12-24828] Executing command : report_utilization -file oled_controller_utilization_placed.rpt -pb oled_controller_utilization_placed.pb
INFO: [Vivado 12-24828] Executing command : report_io -file oled_controller_io_placed.rpt
report_io: Time (s): cpu = 00:00:00 ; elapsed = 00:00:00.048 . Memory (MB): peak = 1797.766 ; gain = 0.000
INFO: [Vivado 12-24828] Executing command : report_control_sets -verbose -file oled_controller_control_sets_placed.rpt
report_control_sets: Time (s): cpu = 00:00:00 ; elapsed = 00:00:00.002 . Memory (MB): peak = 1797.766 ; gain = 0.000
INFO: [Timing 38-480] Writing timing data to binary archive.
Write ShapeDB Complete: Time (s): cpu = 00:00:00 ; elapsed = 00:00:00.002 . Memory (MB): peak = 1797.766 ; gain = 0.000
Wrote PlaceDB: Time (s): cpu = 00:00:00 ; elapsed = 00:00:00.018 . Memory (MB): peak = 1797.766 ; gain = 0.000
Wrote PulsedLatchDB: Time (s): cpu = 00:00:00 ; elapsed = 00:00:00 . Memory (MB): peak = 1797.766 ; gain = 0.000
Writing XDEF routing.
Writing XDEF routing logical nets.
Writing XDEF routing special nets.
Wrote RouteStorage: Time (s): cpu = 00:00:00 ; elapsed = 00:00:00.020 . Memory (MB): peak = 1797.766 ; gain = 0.000
Wrote Netlist Cache: Time (s): cpu = 00:00:00 ; elapsed = 00:00:00.001 . Memory (MB): peak = 1797.766 ; gain = 0.000
Wrote Device Cache: Time (s): cpu = 00:00:00 ; elapsed = 00:00:00.009 . Memory (MB): peak = 1797.766 ; gain = 0.000
Write Physdb Complete: Time (s): cpu = 00:00:00 ; elapsed = 00:00:00.056 . Memory (MB): peak = 1797.766 ; gain = 0.000
INFO: [Common 17-1381] The checkpoint 'C:/Users/gioel/Documents/unitn/2_anno_2_semestre/advanced_logic_design_passerone/RISCV_on_Zedboard/OLED_driver/OLED_driver.runs/impl_1/oled_controller_placed.dcp' has been generated.
Command: phys_opt_design
Attempting to get a license for feature 'Implementation' and/or device 'xc7z020'
INFO: [Common 17-349] Got license for feature 'Implementation' and/or device 'xc7z020'

Starting Initial Update Timing Task

Time (s): cpu = 00:00:00 ; elapsed = 00:00:00.038 . Memory (MB): peak = 1797.766 ; gain = 0.000
INFO: [Vivado_Tcl 4-2279] Estimated Timing Summary | WNS= 5.816 | TNS= 0.000 | 
INFO: [Vivado_Tcl 4-383] Design worst setup slack (WNS) is greater than or equal to 0.000 ns. All physical synthesis setup optimizations will be skipped.
INFO: [Vivado_Tcl 4-232] No setup violation found. The netlist was not modified.
INFO: [Common 17-83] Releasing license: Implementation
80 Infos, 5 Warnings, 5 Critical Warnings and 0 Errors encountered.
phys_opt_design completed successfully
INFO: [Timing 38-480] Writing timing data to binary archive.
Write ShapeDB Complete: Time (s): cpu = 00:00:00 ; elapsed = 00:00:00.002 . Memory (MB): peak = 1797.766 ; gain = 0.000
Wrote PlaceDB: Time (s): cpu = 00:00:00 ; elapsed = 00:00:00.020 . Memory (MB): peak = 1797.766 ; gain = 0.000
Wrote PulsedLatchDB: Time (s): cpu = 00:00:00 ; elapsed = 00:00:00 . Memory (MB): peak = 1797.766 ; gain = 0.000
Writing XDEF routing.
Writing XDEF routing logical nets.
Writing XDEF routing special nets.
Wrote RouteStorage: Time (s): cpu = 00:00:00 ; elapsed = 00:00:00.021 . Memory (MB): peak = 1797.766 ; gain = 0.000
Wrote Netlist Cache: Time (s): cpu = 00:00:00 ; elapsed = 00:00:00 . Memory (MB): peak = 1797.766 ; gain = 0.000
Wrote Device Cache: Time (s): cpu = 00:00:00 ; elapsed = 00:00:00.009 . Memory (MB): peak = 1797.766 ; gain = 0.000
Write Physdb Complete: Time (s): cpu = 00:00:00 ; elapsed = 00:00:00.058 . Memory (MB): peak = 1797.766 ; gain = 0.000
INFO: [Common 17-1381] The checkpoint 'C:/Users/gioel/Documents/unitn/2_anno_2_semestre/advanced_logic_design_passerone/RISCV_on_Zedboard/OLED_driver/OLED_driver.runs/impl_1/oled_controller_physopt.dcp' has been generated.
Command: route_design
Attempting to get a license for feature 'Implementation' and/or device 'xc7z020'
INFO: [Common 17-349] Got license for feature 'Implementation' and/or device 'xc7z020'


Starting Routing Task
INFO: [Route 35-254] Multithreading enabled for route_design using a maximum of 2 CPUs

Phase 1 Build RT Design
Checksum: PlaceDB: b20ab1af ConstDB: 0 ShapeSum: 66cc9028 RouteDB: 15f972f0
Post Restoration Checksum: NetGraph: 40f35332 | NumContArr: c7866b02 | Constraints: c2a8fa9d | Timing: c2a8fa9d
Phase 1 Build RT Design | Checksum: 28dcbb36e

Time (s): cpu = 00:00:21 ; elapsed = 00:00:18 . Memory (MB): peak = 1872.965 ; gain = 75.199

Phase 2 Router Initialization

Phase 2.1 Fix Topology Constraints
Phase 2.1 Fix Topology Constraints | Checksum: 28dcbb36e

Time (s): cpu = 00:00:21 ; elapsed = 00:00:18 . Memory (MB): peak = 1872.965 ; gain = 75.199

Phase 2.2 Pre Route Cleanup
Phase 2.2 Pre Route Cleanup | Checksum: 28dcbb36e

Time (s): cpu = 00:00:21 ; elapsed = 00:00:18 . Memory (MB): peak = 1872.965 ; gain = 75.199
 Number of Nodes with overlaps = 0

Phase 2.3 Update Timing
Phase 2.3 Update Timing | Checksum: 29c3bad54

Time (s): cpu = 00:00:22 ; elapsed = 00:00:19 . Memory (MB): peak = 1911.160 ; gain = 113.395
INFO: [Route 35-416] Intermediate Timing Summary | WNS=5.770  | TNS=0.000  | WHS=-0.163 | THS=-5.028 |


Router Utilization Summary
  Global Vertical Routing Utilization    = 0 %
  Global Horizontal Routing Utilization  = 0 %
  Routable Net Status*
  *Does not include unroutable nets such as driverless and loadless.
  Run report_route_status for detailed report.
  Number of Failed Nets               = 301
    (Failed Nets is the sum of unrouted and partially routed nets)
  Number of Unrouted Nets             = 301
  Number of Partially Routed Nets     = 0
  Number of Node Overlaps             = 0

Phase 2 Router Initialization | Checksum: 1c31f12a9

Time (s): cpu = 00:00:22 ; elapsed = 00:00:19 . Memory (MB): peak = 1911.160 ; gain = 113.395

Phase 3 Global Routing
Phase 3 Global Routing | Checksum: 1c31f12a9

Time (s): cpu = 00:00:22 ; elapsed = 00:00:19 . Memory (MB): peak = 1911.160 ; gain = 113.395

Phase 4 Initial Routing

Phase 4.1 Initial Net Routing Pass
Phase 4.1 Initial Net Routing Pass | Checksum: 339b89c42

Time (s): cpu = 00:00:22 ; elapsed = 00:00:19 . Memory (MB): peak = 1911.160 ; gain = 113.395
Phase 4 Initial Routing | Checksum: 339b89c42

Time (s): cpu = 00:00:22 ; elapsed = 00:00:19 . Memory (MB): peak = 1911.160 ; gain = 113.395

Phase 5 Rip-up And Reroute

Phase 5.1 Global Iteration 0
 Number of Nodes with overlaps = 21
 Number of Nodes with overlaps = 0
INFO: [Route 35-416] Intermediate Timing Summary | WNS=5.703  | TNS=0.000  | WHS=N/A    | THS=N/A    |

Phase 5.1 Global Iteration 0 | Checksum: 24bd7496a

Time (s): cpu = 00:00:22 ; elapsed = 00:00:19 . Memory (MB): peak = 1911.160 ; gain = 113.395

Phase 5.2 Global Iteration 1
 Number of Nodes with overlaps = 3
 Number of Nodes with overlaps = 0
INFO: [Route 35-416] Intermediate Timing Summary | WNS=5.703  | TNS=0.000  | WHS=N/A    | THS=N/A    |

Phase 5.2 Global Iteration 1 | Checksum: 26ee3d626

Time (s): cpu = 00:00:22 ; elapsed = 00:00:19 . Memory (MB): peak = 1911.160 ; gain = 113.395
Phase 5 Rip-up And Reroute | Checksum: 26ee3d626

Time (s): cpu = 00:00:22 ; elapsed = 00:00:19 . Memory (MB): peak = 1911.160 ; gain = 113.395

Phase 6 Delay and Skew Optimization

Phase 6.1 Delay CleanUp
Phase 6.1 Delay CleanUp | Checksum: 26ee3d626

Time (s): cpu = 00:00:22 ; elapsed = 00:00:19 . Memory (MB): peak = 1911.160 ; gain = 113.395

Phase 6.2 Clock Skew Optimization
Phase 6.2 Clock Skew Optimization | Checksum: 26ee3d626

Time (s): cpu = 00:00:22 ; elapsed = 00:00:19 . Memory (MB): peak = 1911.160 ; gain = 113.395
Phase 6 Delay and Skew Optimization | Checksum: 26ee3d626

Time (s): cpu = 00:00:22 ; elapsed = 00:00:19 . Memory (MB): peak = 1911.160 ; gain = 113.395

Phase 7 Post Hold Fix

Phase 7.1 Hold Fix Iter
INFO: [Route 35-416] Intermediate Timing Summary | WNS=5.818  | TNS=0.000  | WHS=0.070  | THS=0.000  |

Phase 7.1 Hold Fix Iter | Checksum: 271f9b48c

Time (s): cpu = 00:00:22 ; elapsed = 00:00:19 . Memory (MB): peak = 1911.160 ; gain = 113.395
Phase 7 Post Hold Fix | Checksum: 271f9b48c

Time (s): cpu = 00:00:22 ; elapsed = 00:00:19 . Memory (MB): peak = 1911.160 ; gain = 113.395

Phase 8 Route finalize

Router Utilization Summary
  Global Vertical Routing Utilization    = 0.0329813 %
  Global Horizontal Routing Utilization  = 0.0349053 %
  Routable Net Status*
  *Does not include unroutable nets such as driverless and loadless.
  Run report_route_status for detailed report.
  Number of Failed Nets               = 0
    (Failed Nets is the sum of unrouted and partially routed nets)
  Number of Unrouted Nets             = 0
  Number of Partially Routed Nets     = 0
  Number of Node Overlaps             = 0

Phase 8 Route finalize | Checksum: 271f9b48c

Time (s): cpu = 00:00:22 ; elapsed = 00:00:19 . Memory (MB): peak = 1911.160 ; gain = 113.395

Phase 9 Verifying routed nets

 Verification completed successfully
Phase 9 Verifying routed nets | Checksum: 271f9b48c

Time (s): cpu = 00:00:22 ; elapsed = 00:00:19 . Memory (MB): peak = 1911.160 ; gain = 113.395

Phase 10 Depositing Routes
Phase 10 Depositing Routes | Checksum: 2b336c9f1

Time (s): cpu = 00:00:22 ; elapsed = 00:00:19 . Memory (MB): peak = 1911.160 ; gain = 113.395

Phase 11 Post Process Routing
Phase 11 Post Process Routing | Checksum: 2b336c9f1

Time (s): cpu = 00:00:22 ; elapsed = 00:00:19 . Memory (MB): peak = 1911.160 ; gain = 113.395

Phase 12 Post Router Timing
INFO: [Route 35-57] Estimated Timing Summary | WNS=5.818  | TNS=0.000  | WHS=0.070  | THS=0.000  |

INFO: [Route 35-327] The final timing numbers are based on the router estimated timing analysis. For a complete and accurate timing signoff, please run report_timing_summary.
Phase 12 Post Router Timing | Checksum: 2b336c9f1

Time (s): cpu = 00:00:22 ; elapsed = 00:00:19 . Memory (MB): peak = 1911.160 ; gain = 113.395
Total Elapsed time in route_design: 19.195 secs

Phase 13 Post-Route Event Processing
Phase 13 Post-Route Event Processing | Checksum: 149261011

Time (s): cpu = 00:00:22 ; elapsed = 00:00:19 . Memory (MB): peak = 1911.160 ; gain = 113.395
INFO: [Route 35-16] Router Completed Successfully
Ending Routing Task | Checksum: 149261011

Time (s): cpu = 00:00:22 ; elapsed = 00:00:19 . Memory (MB): peak = 1911.160 ; gain = 113.395

Routing Is Done.
INFO: [Common 17-83] Releasing license: Implementation
92 Infos, 5 Warnings, 5 Critical Warnings and 0 Errors encountered.
route_design completed successfully
route_design: Time (s): cpu = 00:00:22 ; elapsed = 00:00:19 . Memory (MB): peak = 1911.160 ; gain = 113.395
INFO: [Vivado 12-24828] Executing command : report_drc -file oled_controller_drc_routed.rpt -pb oled_controller_drc_routed.pb -rpx oled_controller_drc_routed.rpx
Command: report_drc -file oled_controller_drc_routed.rpt -pb oled_controller_drc_routed.pb -rpx oled_controller_drc_routed.rpx
INFO: [IP_Flow 19-1839] IP Catalog is up to date.
INFO: [DRC 23-27] Running DRC with 2 threads
INFO: [Vivado_Tcl 2-168] The results of DRC are in file C:/Users/gioel/Documents/unitn/2_anno_2_semestre/advanced_logic_design_passerone/RISCV_on_Zedboard/OLED_driver/OLED_driver.runs/impl_1/oled_controller_drc_routed.rpt.
report_drc completed successfully
INFO: [Vivado 12-24828] Executing command : report_methodology -file oled_controller_methodology_drc_routed.rpt -pb oled_controller_methodology_drc_routed.pb -rpx oled_controller_methodology_drc_routed.rpx
Command: report_methodology -file oled_controller_methodology_drc_routed.rpt -pb oled_controller_methodology_drc_routed.pb -rpx oled_controller_methodology_drc_routed.rpx
INFO: [Timing 38-35] Done setting XDC timing constraints.
INFO: [DRC 23-133] Running Methodology with 2 threads
INFO: [Vivado_Tcl 2-1520] The results of Report Methodology are in file C:/Users/gioel/Documents/unitn/2_anno_2_semestre/advanced_logic_design_passerone/RISCV_on_Zedboard/OLED_driver/OLED_driver.runs/impl_1/oled_controller_methodology_drc_routed.rpt.
report_methodology completed successfully
INFO: [Vivado 12-24828] Executing command : report_timing_summary -max_paths 10 -report_unconstrained -file oled_controller_timing_summary_routed.rpt -pb oled_controller_timing_summary_routed.pb -rpx oled_controller_timing_summary_routed.rpx -warn_on_violation 
INFO: [Timing 38-35] Done setting XDC timing constraints.
INFO: [Timing 38-91] UpdateTimingParams: Speed grade: -1, Delay Type: min_max.
INFO: [Timing 38-191] Multithreading enabled for timing update using a maximum of 2 CPUs
INFO: [Vivado 12-24838] Running report commands "report_incremental_reuse, report_route_status" in parallel.
Running report generation with 2 threads.
INFO: [Vivado 12-24828] Executing command : report_route_status -file oled_controller_route_status.rpt -pb oled_controller_route_status.pb
INFO: [Vivado 12-24828] Executing command : report_incremental_reuse -file oled_controller_incremental_reuse_routed.rpt
INFO: [Vivado_Tcl 4-1062] Incremental flow is disabled. No incremental reuse Info to report.
INFO: [Vivado 12-24828] Executing command : report_power -file oled_controller_power_routed.rpt -pb oled_controller_power_summary_routed.pb -rpx oled_controller_power_routed.rpx
Command: report_power -file oled_controller_power_routed.rpt -pb oled_controller_power_summary_routed.pb -rpx oled_controller_power_routed.rpx
Running Vector-less Activity Propagation...

Finished Running Vector-less Activity Propagation
109 Infos, 5 Warnings, 5 Critical Warnings and 0 Errors encountered.
report_power completed successfully
INFO: [Vivado 12-24828] Executing command : report_clock_utilization -file oled_controller_clock_utilization_routed.rpt
INFO: [Vivado 12-24828] Executing command : report_bus_skew -warn_on_violation -file oled_controller_bus_skew_routed.rpt -pb oled_controller_bus_skew_routed.pb -rpx oled_controller_bus_skew_routed.rpx
INFO: [Timing 38-91] UpdateTimingParams: Speed grade: -1, Delay Type: min_max.
INFO: [Timing 38-191] Multithreading enabled for timing update using a maximum of 2 CPUs
generate_parallel_reports: Time (s): cpu = 00:00:10 ; elapsed = 00:00:05 . Memory (MB): peak = 1973.574 ; gain = 62.414
INFO: [Timing 38-480] Writing timing data to binary archive.
Write ShapeDB Complete: Time (s): cpu = 00:00:00 ; elapsed = 00:00:00.002 . Memory (MB): peak = 1973.574 ; gain = 0.000
Wrote PlaceDB: Time (s): cpu = 00:00:00 ; elapsed = 00:00:00.019 . Memory (MB): peak = 1973.574 ; gain = 0.000
Wrote PulsedLatchDB: Time (s): cpu = 00:00:00 ; elapsed = 00:00:00 . Memory (MB): peak = 1973.574 ; gain = 0.000
Writing XDEF routing.
Writing XDEF routing logical nets.
Writing XDEF routing special nets.
Wrote RouteStorage: Time (s): cpu = 00:00:00 ; elapsed = 00:00:00.021 . Memory (MB): peak = 1973.574 ; gain = 0.000
Wrote Netlist Cache: Time (s): cpu = 00:00:00 ; elapsed = 00:00:00.001 . Memory (MB): peak = 1973.574 ; gain = 0.000
Wrote Device Cache: Time (s): cpu = 00:00:00 ; elapsed = 00:00:00.009 . Memory (MB): peak = 1973.574 ; gain = 0.000
Write Physdb Complete: Time (s): cpu = 00:00:00 ; elapsed = 00:00:00.058 . Memory (MB): peak = 1973.574 ; gain = 0.000
INFO: [Common 17-1381] The checkpoint 'C:/Users/gioel/Documents/unitn/2_anno_2_semestre/advanced_logic_design_passerone/RISCV_on_Zedboard/OLED_driver/OLED_driver.runs/impl_1/oled_controller_routed.dcp' has been generated.
INFO: [Common 17-206] Exiting Vivado at Wed Jun 17 16:47:43 2026...

*** Running vivado
    with args -log oled_controller.vdi -applog -m64 -product Vivado -messageDb vivado.pb -mode batch -source oled_controller.tcl -notrace



****** Vivado v2024.2 (64-bit)
  **** SW Build 5239630 on Fri Nov 08 22:35:27 MST 2024
  **** IP Build 5239520 on Sun Nov 10 16:12:51 MST 2024
  **** SharedData Build 5239561 on Fri Nov 08 14:39:27 MST 2024
  **** Start of session at: Wed Jun 17 16:49:42 2026
    ** Copyright 1986-2022 Xilinx, Inc. All Rights Reserved.
    ** Copyright 2022-2024 Advanced Micro Devices, Inc. All Rights Reserved.

source oled_controller.tcl -notrace
Command: open_checkpoint oled_controller_routed.dcp
INFO: [Device 21-403] Loading part xc7z020clg484-1
Netlist sorting complete. Time (s): cpu = 00:00:00 ; elapsed = 00:00:00.002 . Memory (MB): peak = 612.832 ; gain = 0.000
INFO: [Netlist 29-17] Analyzing 31 Unisim elements for replacement
INFO: [Netlist 29-28] Unisim Transformation completed in 0 CPU seconds
INFO: [Project 1-479] Netlist was created with Vivado 2024.2
INFO: [Project 1-570] Preparing netlist for logic optimization
Read ShapeDB Complete: Time (s): cpu = 00:00:00 ; elapsed = 00:00:00.003 . Memory (MB): peak = 706.688 ; gain = 0.000
INFO: [Timing 38-478] Restoring timing data from binary archive.
INFO: [Timing 38-479] Binary timing data restore complete.
INFO: [Project 1-856] Restoring constraints from binary archive.
INFO: [Project 1-853] Binary constraint restore complete.
INFO: [Designutils 20-5722] Start Reading Physical Databases.
Reading placement.
Read Netlist Cache: Time (s): cpu = 00:00:00 ; elapsed = 00:00:00 . Memory (MB): peak = 1309.277 ; gain = 0.000
Reading placer database...
Read Device Cache: Time (s): cpu = 00:00:00 ; elapsed = 00:00:00.010 . Memory (MB): peak = 1309.277 ; gain = 0.000
Read PlaceDB: Time (s): cpu = 00:00:00 ; elapsed = 00:00:00.012 . Memory (MB): peak = 1309.277 ; gain = 0.000
Read PulsedLatchDB: Time (s): cpu = 00:00:00 ; elapsed = 00:00:00 . Memory (MB): peak = 1309.277 ; gain = 0.000
Reading routing.
Read RouteStorage: Time (s): cpu = 00:00:00 ; elapsed = 00:00:00.011 . Memory (MB): peak = 1309.277 ; gain = 0.000
Read Physdb Files: Time (s): cpu = 00:00:00 ; elapsed = 00:00:00.044 . Memory (MB): peak = 1309.277 ; gain = 0.000
Restored from archive | CPU: 0.000000 secs | Memory: 0.000000 MB |
Finished XDEF File Restore: Time (s): cpu = 00:00:00 ; elapsed = 00:00:00.088 . Memory (MB): peak = 1309.277 ; gain = 8.094
Netlist sorting complete. Time (s): cpu = 00:00:00 ; elapsed = 00:00:00 . Memory (MB): peak = 1309.277 ; gain = 0.000
INFO: [Project 1-111] Unisim Transformation Summary:
No Unisim elements were transformed.

INFO: [Project 1-604] Checkpoint was created with Vivado v2024.2 (64-bit) build 5239630
open_checkpoint: Time (s): cpu = 00:00:10 ; elapsed = 00:00:11 . Memory (MB): peak = 1309.277 ; gain = 1006.312
Command: write_bitstream -force oled_controller.bit
Attempting to get a license for feature 'Implementation' and/or device 'xc7z020'
INFO: [Common 17-349] Got license for feature 'Implementation' and/or device 'xc7z020'
Running DRC as a precondition to command write_bitstream
INFO: [IP_Flow 19-234] Refreshing IP repositories
INFO: [IP_Flow 19-1704] No user IP repositories specified
INFO: [IP_Flow 19-2313] Loaded Vivado IP repository 'C:/Xilinx/Vivado/2024.2/data/ip'.
INFO: [DRC 23-27] Running DRC with 2 threads
INFO: [Vivado 12-3199] DRC finished with 0 Errors
INFO: [Vivado 12-3200] Please refer to the DRC report (report_drc) for more information.
INFO: [Designutils 20-2272] Running write_bitstream with 2 threads.
Loading data files...
Loading site data...
Loading route data...
Processing options...
Creating bitmap...
Creating bitstream...
Writing bitstream ./oled_controller.bit...
INFO: [Vivado 12-1842] Bitgen Completed Successfully.
INFO: [Project 1-1876] WebTalk data collection is mandatory when using a ULT device. To see the specific WebTalk data collected for your design, open the usage_statistics_webtalk.html or usage_statistics_webtalk.xml file in the implementation directory.
INFO: [Common 17-83] Releasing license: Implementation
23 Infos, 0 Warnings, 0 Critical Warnings and 0 Errors encountered.
write_bitstream completed successfully
write_bitstream: Time (s): cpu = 00:00:16 ; elapsed = 00:00:12 . Memory (MB): peak = 1888.340 ; gain = 579.062
INFO: [Common 17-206] Exiting Vivado at Wed Jun 17 16:50:08 2026...
